=== Endianness Verification Analysis ===
Date: 2025-12-13 17:24

Debug log size: 21 lines

=== 4.1: XOR Addressing Verification (Opcode Fetch) ===
Found 00 opcode fetch debug entries
[1;33mWARNING: No opcode fetch debug entries found[0m

=== 4.2: Get_DLword Value Construction Verification ===
Found 00 SICX debug entries
[1;33mWARNING: No SICX debug entries found[0m

=== 4.3: FastRetCALL Address Translation and PC Calculation ===
Found 00 FastRetCALL debug entries
[1;33mWARNING: No FastRetCALL debug entries found[0m

=== 4.4: GETBASE_N Two-Stage Memory Access ===
Found 00 GETBASE_N debug entries
[1;33mWARNING: No GETBASE_N debug entries found[0m

=== 4.5: Instruction-by-Instruction Endianness Impact Verification ===
[1;33mWARNING: Execution log not found[0m
  Expected file: c_emulator_execution_log.txt
  The C emulator should output execution log to stdout

=== 4.6: Cross-Reference with Static Analysis Categories ===

Verifying that all instruction categories from ENDIANNESS_FINDINGS.md are covered:

1. Instructions with No Operands:
   [1;33m⚠[0m Not found in execution log
2. Instructions with 8-bit Operands:
   [1;33m⚠[0m Not found in execution log
3. Instructions with 16-bit Operands:
   [1;33m⚠[0m Not found in execution log
4. Instructions with 24/32-bit Operands:
   [1;33m⚠[0m Not found in execution log
5. Instructions Accessing Memory via LispPTR:
   [1;33m⚠[0m Not found in execution log
6. Variable Access Instructions:
   [1;33m⚠[0m Not found in execution log
7. Function Call Instructions:
   [1;33m⚠[0m Not found in execution log
8. Special Instructions:
   [1;33m⚠[0m Not found in execution log

Category Coverage: 0/8 categories found

=== Summary ===
Verification complete. Check above for:
  ✓ = Verified correct
  ✗ = Mismatch found
  ⚠ = Warning or no data

Key Verification Points:
  1. XOR addressing for opcode fetch: [1;33mNot verified[0m
  2. Get_DLword value construction: [1;33mNot verified[0m
  3. FastRetCALL address translation: [1;33mNot verified[0m
  4. GETBASE_N two-stage access: [1;33mNot verified[0m
  5. Instruction-by-instruction checks: [1;33mNot verified[0m

